<?xml version="1.0" encoding="UTF-8"?>
<testng-results skipped="0" failed="0" ignored="0" total="1" passed="1">
  <reporter-output>
  </reporter-output>
  <suite name="Default suite" duration-ms="1154" started-at="2021-10-10T13:08:30Z" finished-at="2021-10-10T13:08:31Z">
    <groups>
    </groups>
    <test name="Default test" duration-ms="1154" started-at="2021-10-10T13:08:30Z" finished-at="2021-10-10T13:08:31Z">
      <class name="com.utility.ExcelUtility">
        <test-method status="PASS" signature="setup()[pri:0, instance:com.utility.ExcelUtility@6d4b1c02]" name="setup" is-config="true" duration-ms="9382" started-at="2021-10-10T13:08:21Z" finished-at="2021-10-10T13:08:30Z">
          <reporter-output>
          </reporter-output>
        </test-method> <!-- setup -->
        <test-method status="PASS" signature="test()[pri:0, instance:com.utility.ExcelUtility@6d4b1c02]" name="test" duration-ms="1128" started-at="2021-10-10T13:08:30Z" finished-at="2021-10-10T13:08:31Z">
          <reporter-output>
          </reporter-output>
        </test-method> <!-- test -->
      </class> <!-- com.utility.ExcelUtility -->
    </test> <!-- Default test -->
  </suite> <!-- Default suite -->
</testng-results>
